<?xml version="1.0" encoding="UTF-8"?>
<!-- Generated by org.testng.reporters.JUnitXMLReporter -->
<testsuite ignored="0" hostname="DESKTOP-VFB79Q5" failures="0" tests="11" name="Test" time="0.296" errors="0" timestamp="2020-04-09T22:33:50 CEST">
  <testcase classname="AutomationPractice.test.TestHomePage" name="@BeforeClass createDriver" time="0.072">
    <failure type="java.lang.IllegalStateException" message="The path to the driver executable must be set by the webdriver.chrome.driver system property; for more information, see https://github.com/SeleniumHQ/selenium/wiki/ChromeDriver. The latest version can be downloaded from http://chromedriver.storage.googleapis.com/index.html">
      <![CDATA[java.lang.IllegalStateException: The path to the driver executable must be set by the webdriver.chrome.driver system property; for more information, see https://github.com/SeleniumHQ/selenium/wiki/ChromeDriver. The latest version can be downloaded from http://chromedriver.storage.googleapis.com/index.html
at com.google.common.base.Preconditions.checkState(Preconditions.java:847)
at org.openqa.selenium.remote.service.DriverService.findExecutable(DriverService.java:134)
at org.openqa.selenium.chrome.ChromeDriverService.access$000(ChromeDriverService.java:35)
at org.openqa.selenium.chrome.ChromeDriverService$Builder.findDefaultExecutable(ChromeDriverService.java:159)
at org.openqa.selenium.remote.service.DriverService$Builder.build(DriverService.java:355)
at org.openqa.selenium.chrome.ChromeDriverService.createDefaultService(ChromeDriverService.java:94)
at org.openqa.selenium.chrome.ChromeDriver.<init>(ChromeDriver.java:123)
at AutomationPractice.test.TestHomePage.createDriver(TestHomePage.java:21)
at java.base/java.util.ArrayList.forEach(ArrayList.java:1507)
... Removed 25 stack frames]]>
    </failure>
  </testcase> <!-- @BeforeClass createDriver -->
  <testcase classname="AutomationPractice.test.TestHomePage" name="@AfterClass closeDriver" time="-1.586464430118E9">
    <skipped/>
  </testcase> <!-- @AfterClass closeDriver -->
  <testcase classname="AutomationPractice.test.TestRegistration" name="@BeforeClass createDriver" time="0.007">
    <failure type="java.lang.IllegalStateException" message="The path to the driver executable must be set by the webdriver.chrome.driver system property; for more information, see https://github.com/SeleniumHQ/selenium/wiki/ChromeDriver. The latest version can be downloaded from http://chromedriver.storage.googleapis.com/index.html">
      <![CDATA[java.lang.IllegalStateException: The path to the driver executable must be set by the webdriver.chrome.driver system property; for more information, see https://github.com/SeleniumHQ/selenium/wiki/ChromeDriver. The latest version can be downloaded from http://chromedriver.storage.googleapis.com/index.html
at com.google.common.base.Preconditions.checkState(Preconditions.java:847)
at org.openqa.selenium.remote.service.DriverService.findExecutable(DriverService.java:134)
at org.openqa.selenium.chrome.ChromeDriverService.access$000(ChromeDriverService.java:35)
at org.openqa.selenium.chrome.ChromeDriverService$Builder.findDefaultExecutable(ChromeDriverService.java:159)
at org.openqa.selenium.remote.service.DriverService$Builder.build(DriverService.java:355)
at org.openqa.selenium.chrome.ChromeDriverService.createDefaultService(ChromeDriverService.java:94)
at org.openqa.selenium.chrome.ChromeDriver.<init>(ChromeDriver.java:123)
at AutomationPractice.test.TestRegistration.createDriver(TestRegistration.java:26)
at java.base/java.util.ArrayList.forEach(ArrayList.java:1507)
... Removed 25 stack frames]]>
    </failure>
  </testcase> <!-- @BeforeClass createDriver -->
  <testcase classname="AutomationPractice.test.TestRegistration" name="@AfterClass closeDriver" time="-1.586464430151E9">
    <skipped/>
  </testcase> <!-- @AfterClass closeDriver -->
  <testcase classname="AutomationPractice.test.TestSignIn" name="@BeforeClass createDriver" time="0.007">
    <failure type="java.lang.IllegalStateException" message="The path to the driver executable must be set by the webdriver.chrome.driver system property; for more information, see https://github.com/SeleniumHQ/selenium/wiki/ChromeDriver. The latest version can be downloaded from http://chromedriver.storage.googleapis.com/index.html">
      <![CDATA[java.lang.IllegalStateException: The path to the driver executable must be set by the webdriver.chrome.driver system property; for more information, see https://github.com/SeleniumHQ/selenium/wiki/ChromeDriver. The latest version can be downloaded from http://chromedriver.storage.googleapis.com/index.html
at com.google.common.base.Preconditions.checkState(Preconditions.java:847)
at org.openqa.selenium.remote.service.DriverService.findExecutable(DriverService.java:134)
at org.openqa.selenium.chrome.ChromeDriverService.access$000(ChromeDriverService.java:35)
at org.openqa.selenium.chrome.ChromeDriverService$Builder.findDefaultExecutable(ChromeDriverService.java:159)
at org.openqa.selenium.remote.service.DriverService$Builder.build(DriverService.java:355)
at org.openqa.selenium.chrome.ChromeDriverService.createDefaultService(ChromeDriverService.java:94)
at org.openqa.selenium.chrome.ChromeDriver.<init>(ChromeDriver.java:123)
at AutomationPractice.test.TestSignIn.createDriver(TestSignIn.java:21)
at java.base/java.util.ArrayList.forEach(ArrayList.java:1507)
... Removed 25 stack frames]]>
    </failure>
  </testcase> <!-- @BeforeClass createDriver -->
  <testcase classname="AutomationPractice.test.TestSignIn" name="@AfterClass closeDriver" time="-1.586464430187E9">
    <skipped/>
  </testcase> <!-- @AfterClass closeDriver -->
  <testcase classname="AutomationPractice.test.TestSummerDresses" name="@BeforeClass createDriver" time="0.007">
    <failure type="java.lang.IllegalStateException" message="The path to the driver executable must be set by the webdriver.chrome.driver system property; for more information, see https://github.com/SeleniumHQ/selenium/wiki/ChromeDriver. The latest version can be downloaded from http://chromedriver.storage.googleapis.com/index.html">
      <![CDATA[java.lang.IllegalStateException: The path to the driver executable must be set by the webdriver.chrome.driver system property; for more information, see https://github.com/SeleniumHQ/selenium/wiki/ChromeDriver. The latest version can be downloaded from http://chromedriver.storage.googleapis.com/index.html
at com.google.common.base.Preconditions.checkState(Preconditions.java:847)
at org.openqa.selenium.remote.service.DriverService.findExecutable(DriverService.java:134)
at org.openqa.selenium.chrome.ChromeDriverService.access$000(ChromeDriverService.java:35)
at org.openqa.selenium.chrome.ChromeDriverService$Builder.findDefaultExecutable(ChromeDriverService.java:159)
at org.openqa.selenium.remote.service.DriverService$Builder.build(DriverService.java:355)
at org.openqa.selenium.chrome.ChromeDriverService.createDefaultService(ChromeDriverService.java:94)
at org.openqa.selenium.chrome.ChromeDriver.<init>(ChromeDriver.java:123)
at AutomationPractice.test.TestSummerDresses.createDriver(TestSummerDresses.java:21)
at java.base/java.util.ArrayList.forEach(ArrayList.java:1507)
... Removed 25 stack frames]]>
    </failure>
  </testcase> <!-- @BeforeClass createDriver -->
  <testcase classname="AutomationPractice.test.TestSummerDresses" name="@BeforeMethod goToHomePage" time="-1.586464430202E9">
    <skipped/>
  </testcase> <!-- @BeforeMethod goToHomePage -->
  <testcase classname="AutomationPractice.test.TestSummerDresses" name="@AfterClass closeDriver" time="-1.586464430212E9">
    <skipped/>
  </testcase> <!-- @AfterClass closeDriver -->
  <testcase classname="AutomationPractice.test.TestMenu" name="@BeforeClass createDriver" time="0.006">
    <failure type="java.lang.IllegalStateException" message="The path to the driver executable must be set by the webdriver.chrome.driver system property; for more information, see https://github.com/SeleniumHQ/selenium/wiki/ChromeDriver. The latest version can be downloaded from http://chromedriver.storage.googleapis.com/index.html">
      <![CDATA[java.lang.IllegalStateException: The path to the driver executable must be set by the webdriver.chrome.driver system property; for more information, see https://github.com/SeleniumHQ/selenium/wiki/ChromeDriver. The latest version can be downloaded from http://chromedriver.storage.googleapis.com/index.html
at com.google.common.base.Preconditions.checkState(Preconditions.java:847)
at org.openqa.selenium.remote.service.DriverService.findExecutable(DriverService.java:134)
at org.openqa.selenium.chrome.ChromeDriverService.access$000(ChromeDriverService.java:35)
at org.openqa.selenium.chrome.ChromeDriverService$Builder.findDefaultExecutable(ChromeDriverService.java:159)
at org.openqa.selenium.remote.service.DriverService$Builder.build(DriverService.java:355)
at org.openqa.selenium.chrome.ChromeDriverService.createDefaultService(ChromeDriverService.java:94)
at org.openqa.selenium.chrome.ChromeDriver.<init>(ChromeDriver.java:123)
at AutomationPractice.test.TestMenu.createDriver(TestMenu.java:21)
at java.base/java.util.ArrayList.forEach(ArrayList.java:1507)
... Removed 25 stack frames]]>
    </failure>
  </testcase> <!-- @BeforeClass createDriver -->
  <testcase classname="AutomationPractice.test.TestMenu" name="@BeforeMethod goToHomePage" time="-1.586464430225E9">
    <skipped/>
  </testcase> <!-- @BeforeMethod goToHomePage -->
  <testcase classname="AutomationPractice.test.TestMenu" name="@BeforeMethod goToHomePage" time="-1.586464430235E9">
    <skipped/>
  </testcase> <!-- @BeforeMethod goToHomePage -->
  <testcase classname="AutomationPractice.test.TestMenu" name="@BeforeMethod goToHomePage" time="-1.586464430241E9">
    <skipped/>
  </testcase> <!-- @BeforeMethod goToHomePage -->
  <testcase classname="AutomationPractice.test.TestMenu" name="@AfterClass closeDriver" time="-1.586464430253E9">
    <skipped/>
  </testcase> <!-- @AfterClass closeDriver -->
  <testcase classname="AutomationPractice.test.TestHomePage" name="testOpeningHomePage" time="0.0">
    <skipped/>
  </testcase> <!-- testOpeningHomePage -->
  <testcase classname="AutomationPractice.test.TestHomePage" name="testNavigateToHomePage" time="0.0">
    <skipped/>
  </testcase> <!-- testNavigateToHomePage -->
  <testcase classname="AutomationPractice.test.TestRegistration" name="createAccount" time="0.0">
    <skipped/>
  </testcase> <!-- createAccount -->
  <testcase classname="AutomationPractice.test.TestRegistration" name="createMultipleAccounts" time="0.0">
    <skipped/>
  </testcase> <!-- createMultipleAccounts -->
  <testcase classname="AutomationPractice.test.TestSignIn" name="logIn" time="0.0">
    <skipped/>
  </testcase> <!-- logIn -->
  <testcase classname="AutomationPractice.test.TestSignIn" name="logOut" time="0.0">
    <skipped/>
  </testcase> <!-- logOut -->
  <testcase classname="AutomationPractice.test.TestSignIn" name="logInMultipleUsers" time="0.0">
    <skipped/>
  </testcase> <!-- logInMultipleUsers -->
  <testcase classname="AutomationPractice.test.TestSummerDresses" name="addDressToCard" time="0.0">
    <skipped/>
  </testcase> <!-- addDressToCard -->
  <testcase classname="AutomationPractice.test.TestMenu" name="testEqualSummerDressesURL" time="0.0">
    <skipped/>
  </testcase> <!-- testEqualSummerDressesURL -->
  <testcase classname="AutomationPractice.test.TestMenu" name="testHoverDresses" time="0.0">
    <skipped/>
  </testcase> <!-- testHoverDresses -->
  <testcase classname="AutomationPractice.test.TestMenu" name="testHoverWomen" time="0.0">
    <skipped/>
  </testcase> <!-- testHoverWomen -->
</testsuite> <!-- Test -->
